<?xml version="1.0" encoding="UTF-8"?>
<!-- Generated by org.testng.reporters.JUnitReportReporter -->
<testsuite hostname="LAPTOP-5HE953J4" failures="0" tests="1" name="runner5.form" time="16.740" errors="0" timestamp="2024-06-21T03:20:09 IST" skipped="0">
  <testcase classname="runner5.form" name="runScenario" time="16.740"/>
  <system-out/>
</testsuite> <!-- runner5.form -->
